<?xml version="1.0" encoding="utf-8"?><testsuites name="pytest tests"><testsuite name="pytest" errors="0" failures="0" skipped="0" tests="16" time="5.052" timestamp="2026-02-11T08:05:44.120084+00:00" hostname="agent-env-18708493-d3a6-4838-a97b-b66bcd83989c"><testcase classname="backend.tests.test_multi_tenant.TestAuthEndpoints" name="test_signup_creates_user_and_business" time="0.338" /><testcase classname="backend.tests.test_multi_tenant.TestAuthEndpoints" name="test_signup_duplicate_username_fails" time="0.301" /><testcase classname="backend.tests.test_multi_tenant.TestAuthEndpoints" name="test_signin_returns_complete_response" time="0.262" /><testcase classname="backend.tests.test_multi_tenant.TestAuthEndpoints" name="test_signin_invalid_credentials" time="0.038" /><testcase classname="backend.tests.test_multi_tenant.TestAuthEndpoints" name="test_signin_wrong_password" time="0.261" /><testcase classname="backend.tests.test_multi_tenant.TestDataIsolation" name="test_products_filtered_by_business" time="0.770" /><testcase classname="backend.tests.test_multi_tenant.TestDataIsolation" name="test_user_cannot_access_other_users_product" time="0.678" /><testcase classname="backend.tests.test_multi_tenant.TestDataIsolation" name="test_settings_filtered_by_business" time="0.589" /><testcase classname="backend.tests.test_multi_tenant.TestCreditSalesValidation" name="test_credit_sale_requires_phone_number" time="0.427" /><testcase classname="backend.tests.test_multi_tenant.TestCreditSalesValidation" name="test_cash_sale_does_not_require_phone" time="0.359" /><testcase classname="backend.tests.test_multi_tenant.TestSalesDataIsolation" name="test_sales_filtered_by_business" time="0.632" /><testcase classname="backend.tests.test_multi_tenant.TestEndpointsRequireAuth" name="test_products_require_auth" time="0.071" /><testcase classname="backend.tests.test_multi_tenant.TestEndpointsRequireAuth" name="test_sales_require_auth" time="0.075" /><testcase classname="backend.tests.test_multi_tenant.TestEndpointsRequireAuth" name="test_settings_require_auth" time="0.078" /><testcase classname="backend.tests.test_multi_tenant.TestForgotPassword" name="test_forgot_password_endpoint" time="0.038" /><testcase classname="backend.tests.test_multi_tenant.TestForgotPassword" name="test_forgot_password_nonexistent_user" time="0.040" /></testsuite></testsuites>