<?xml version="1.0" encoding="utf-8"?><testsuites name="pytest tests"><testsuite name="pytest" errors="0" failures="2" skipped="0" tests="16" time="5.844" timestamp="2026-02-11T08:05:12.289658+00:00" hostname="agent-env-18708493-d3a6-4838-a97b-b66bcd83989c"><testcase classname="backend.tests.test_multi_tenant.TestAuthEndpoints" name="test_signup_creates_user_and_business" time="0.340" /><testcase classname="backend.tests.test_multi_tenant.TestAuthEndpoints" name="test_signup_duplicate_username_fails" time="0.308" /><testcase classname="backend.tests.test_multi_tenant.TestAuthEndpoints" name="test_signin_returns_complete_response" time="0.259" /><testcase classname="backend.tests.test_multi_tenant.TestAuthEndpoints" name="test_signin_invalid_credentials" time="0.043" /><testcase classname="backend.tests.test_multi_tenant.TestAuthEndpoints" name="test_signin_wrong_password" time="0.256" /><testcase classname="backend.tests.test_multi_tenant.TestDataIsolation" name="test_products_filtered_by_business" time="0.704" /><testcase classname="backend.tests.test_multi_tenant.TestDataIsolation" name="test_user_cannot_access_other_users_product" time="0.638"><failure message="AssertionError: User2 should NOT be able to access User1's product&#10;assert 400 == 404&#10; +  where 400 = &lt;Response [400]&gt;.status_code">backend/tests/test_multi_tenant.py:235: in test_user_cannot_access_other_users_product
    assert get_resp.status_code == 404, "User2 should NOT be able to access User1's product"
E   AssertionError: User2 should NOT be able to access User1's product
E   assert 400 == 404
E    +  where 400 = &lt;Response [400]&gt;.status_code</failure></testcase><testcase classname="backend.tests.test_multi_tenant.TestDataIsolation" name="test_settings_filtered_by_business" time="0.599" /><testcase classname="backend.tests.test_multi_tenant.TestCreditSalesValidation" name="test_credit_sale_requires_phone_number" time="0.483" /><testcase classname="backend.tests.test_multi_tenant.TestCreditSalesValidation" name="test_cash_sale_does_not_require_phone" time="0.412" /><testcase classname="backend.tests.test_multi_tenant.TestSalesDataIsolation" name="test_sales_filtered_by_business" time="1.258"><failure message="AssertionError: User2 should NOT access User1's sale by ID&#10;assert 400 == 404&#10; +  where 400 = &lt;Response [400]&gt;.status_code">backend/tests/test_multi_tenant.py:490: in test_sales_filtered_by_business
    assert get_resp.status_code == 404, "User2 should NOT access User1's sale by ID"
E   AssertionError: User2 should NOT access User1's sale by ID
E   assert 400 == 404
E    +  where 400 = &lt;Response [400]&gt;.status_code</failure></testcase><testcase classname="backend.tests.test_multi_tenant.TestEndpointsRequireAuth" name="test_products_require_auth" time="0.096" /><testcase classname="backend.tests.test_multi_tenant.TestEndpointsRequireAuth" name="test_sales_require_auth" time="0.078" /><testcase classname="backend.tests.test_multi_tenant.TestEndpointsRequireAuth" name="test_settings_require_auth" time="0.032" /><testcase classname="backend.tests.test_multi_tenant.TestForgotPassword" name="test_forgot_password_endpoint" time="0.042" /><testcase classname="backend.tests.test_multi_tenant.TestForgotPassword" name="test_forgot_password_nonexistent_user" time="0.039" /></testsuite></testsuites>